<?xml version="1.0" encoding="UTF-8"?>
<!-- Generated by org.testng.reporters.JUnitXMLReporter -->
<testsuite hostname="LAPTOP-6TQJ5VLK" failures="8" tests="8" name="Surefire test" time="0.039" errors="0" timestamp="10 Sep 2022 01:13:07 GMT">
  <testcase classname="com.portfolio.andres.Entity.PersonaNGTest" name="testGetApellido" time="0.008">
    <failure type="java.lang.AssertionError" message="expected [] but found [null]">
      <![CDATA[java.lang.AssertionError: expected [] but found [null]
	at com.portfolio.andres.Entity.PersonaNGTest.testGetApellido(PersonaNGTest.java:71)
... Removed 32 stack frames]]>
    </failure>
  </testcase> <!-- testGetApellido -->
  <testcase classname="com.portfolio.andres.Entity.PersonaNGTest" name="testGetId" time="0.0">
    <failure type="java.lang.AssertionError" message="The test case is a prototype.">
      <![CDATA[java.lang.AssertionError: The test case is a prototype.
	at com.portfolio.andres.Entity.PersonaNGTest.testGetId(PersonaNGTest.java:45)
... Removed 28 stack frames]]>
    </failure>
  </testcase> <!-- testGetId -->
  <testcase classname="com.portfolio.andres.Entity.PersonaNGTest" name="testGetImg" time="0.001">
    <failure type="java.lang.AssertionError" message="expected [] but found [null]">
      <![CDATA[java.lang.AssertionError: expected [] but found [null]
	at com.portfolio.andres.Entity.PersonaNGTest.testGetImg(PersonaNGTest.java:85)
... Removed 32 stack frames]]>
    </failure>
  </testcase> <!-- testGetImg -->
  <testcase classname="com.portfolio.andres.Entity.PersonaNGTest" name="testGetNombre" time="0.001">
    <failure type="java.lang.AssertionError" message="expected [] but found [null]">
      <![CDATA[java.lang.AssertionError: expected [] but found [null]
	at com.portfolio.andres.Entity.PersonaNGTest.testGetNombre(PersonaNGTest.java:57)
... Removed 32 stack frames]]>
    </failure>
  </testcase> <!-- testGetNombre -->
  <testcase classname="com.portfolio.andres.Entity.PersonaNGTest" name="testSetApellido" time="0.001">
    <failure type="java.lang.AssertionError" message="The test case is a prototype.">
      <![CDATA[java.lang.AssertionError: The test case is a prototype.
	at com.portfolio.andres.Entity.PersonaNGTest.testSetApellido(PersonaNGTest.java:126)
... Removed 28 stack frames]]>
    </failure>
  </testcase> <!-- testSetApellido -->
  <testcase classname="com.portfolio.andres.Entity.PersonaNGTest" name="testSetId" time="0.0">
    <failure type="java.lang.AssertionError" message="The test case is a prototype.">
      <![CDATA[java.lang.AssertionError: The test case is a prototype.
	at com.portfolio.andres.Entity.PersonaNGTest.testSetId(PersonaNGTest.java:100)
... Removed 28 stack frames]]>
    </failure>
  </testcase> <!-- testSetId -->
  <testcase classname="com.portfolio.andres.Entity.PersonaNGTest" name="testSetImg" time="0.0">
    <failure type="java.lang.AssertionError" message="The test case is a prototype.">
      <![CDATA[java.lang.AssertionError: The test case is a prototype.
	at com.portfolio.andres.Entity.PersonaNGTest.testSetImg(PersonaNGTest.java:139)
... Removed 28 stack frames]]>
    </failure>
  </testcase> <!-- testSetImg -->
  <testcase classname="com.portfolio.andres.Entity.PersonaNGTest" name="testSetNombre" time="0.0">
    <failure type="java.lang.AssertionError" message="The test case is a prototype.">
      <![CDATA[java.lang.AssertionError: The test case is a prototype.
	at com.portfolio.andres.Entity.PersonaNGTest.testSetNombre(PersonaNGTest.java:113)
... Removed 28 stack frames]]>
    </failure>
  </testcase> <!-- testSetNombre -->
</testsuite> <!-- Surefire test -->
